 +-----------------------------------------------------------------+
 +                         Program ALM                             +
 +                             Ver.  1.4.0                         +
 +-----------------------------------------------------------------+

 Number of OpenMP threads = 8

 Job started at Thu Jun 23 18:12:14 2022


 Input variables:
 -------------------------------------------------------------------
 General:
  PREFIX = si222_cubic
  MODE = optimize
  NAT = 64; NKD = 1
  PRINTSYM = 0; TOLERANCE = 0.001
  KD =   Si
  FCSYM_BASIS = Lattice
  PERIODIC =   1  1  1
  MAGMOM = 
  FCS_ALAMODE = 1;  NMAXSAVE = 5
  FC3_SHENGBTE = 0
  FC2_QEFC = 0
  HESSIAN = 0
  FC_ZERO_THR = 0

 Interaction:
  NORDER = 2
  NBODY =   2  3

 Optimize:
  LMODEL = least-squares
  DFSET = DFSET_cubic
  NDATA = 16; NSTART = 1; NEND = 16   SKIP = 

  ICONST = 11
  ROTAXIS = 
  FC2XML = si222.xml
  FC3XML = 

  SPARSE = 0
  SPARSESOLVER = SimplicialLDLT
  CONV_TOL = 1e-08
  MAXITER = 10000
  MIRROR_IMAGE_CONV = 0

 -------------------------------------------------------------------

 SYSTEM
 ======

  Lattice Vector
    2.042038e+01   0.000000e+00   0.000000e+00 : a1
    0.000000e+00   2.042038e+01   0.000000e+00 : a2
    0.000000e+00   0.000000e+00   2.042038e+01 : a3

  Cell volume = 8.515134e+03

  Reciprocal Lattice Vector
    3.076919e-01   0.000000e+00   0.000000e+00 : b1
    0.000000e+00   3.076919e-01   0.000000e+00 : b2
    0.000000e+00   0.000000e+00   3.076919e-01 : b3

  Atomic species:
     1   Si

  Atomic positions in fractional basis and atomic species
     1   5.000000e-01   0.000000e+00   0.000000e+00    1
     2   7.500000e-01   2.500000e-01   0.000000e+00    1
     3   7.500000e-01   0.000000e+00   2.500000e-01    1
     4   0.000000e+00   0.000000e+00   0.000000e+00    1
     5   2.500000e-01   2.500000e-01   0.000000e+00    1
     6   5.000000e-01   5.000000e-01   0.000000e+00    1
     7   7.500000e-01   7.500000e-01   0.000000e+00    1
     8   2.500000e-01   0.000000e+00   2.500000e-01    1
     9   5.000000e-01   2.500000e-01   2.500000e-01    1
    10   7.500000e-01   5.000000e-01   2.500000e-01    1
    11   5.000000e-01   0.000000e+00   5.000000e-01    1
    12   7.500000e-01   2.500000e-01   5.000000e-01    1
    13   7.500000e-01   0.000000e+00   7.500000e-01    1
    14   0.000000e+00   5.000000e-01   0.000000e+00    1
    15   2.500000e-01   7.500000e-01   0.000000e+00    1
    16   0.000000e+00   2.500000e-01   2.500000e-01    1
    17   2.500000e-01   5.000000e-01   2.500000e-01    1
    18   5.000000e-01   7.500000e-01   2.500000e-01    1
    19   0.000000e+00   0.000000e+00   5.000000e-01    1
    20   2.500000e-01   2.500000e-01   5.000000e-01    1
    21   5.000000e-01   5.000000e-01   5.000000e-01    1
    22   7.500000e-01   7.500000e-01   5.000000e-01    1
    23   2.500000e-01   0.000000e+00   7.500000e-01    1
    24   5.000000e-01   2.500000e-01   7.500000e-01    1
    25   7.500000e-01   5.000000e-01   7.500000e-01    1
    26   0.000000e+00   7.500000e-01   2.500000e-01    1
    27   0.000000e+00   5.000000e-01   5.000000e-01    1
    28   2.500000e-01   7.500000e-01   5.000000e-01    1
    29   0.000000e+00   2.500000e-01   7.500000e-01    1
    30   2.500000e-01   5.000000e-01   7.500000e-01    1
    31   5.000000e-01   7.500000e-01   7.500000e-01    1
    32   0.000000e+00   7.500000e-01   7.500000e-01    1
    33   6.250000e-01   1.250000e-01   1.250000e-01    1
    34   8.750000e-01   3.750000e-01   1.250000e-01    1
    35   8.750000e-01   1.250000e-01   3.750000e-01    1
    36   1.250000e-01   1.250000e-01   1.250000e-01    1
    37   3.750000e-01   3.750000e-01   1.250000e-01    1
    38   6.250000e-01   6.250000e-01   1.250000e-01    1
    39   8.750000e-01   8.750000e-01   1.250000e-01    1
    40   3.750000e-01   1.250000e-01   3.750000e-01    1
    41   6.250000e-01   3.750000e-01   3.750000e-01    1
    42   8.750000e-01   6.250000e-01   3.750000e-01    1
    43   6.250000e-01   1.250000e-01   6.250000e-01    1
    44   8.750000e-01   3.750000e-01   6.250000e-01    1
    45   8.750000e-01   1.250000e-01   8.750000e-01    1
    46   1.250000e-01   6.250000e-01   1.250000e-01    1
    47   3.750000e-01   8.750000e-01   1.250000e-01    1
    48   1.250000e-01   3.750000e-01   3.750000e-01    1
    49   3.750000e-01   6.250000e-01   3.750000e-01    1
    50   6.250000e-01   8.750000e-01   3.750000e-01    1
    51   1.250000e-01   1.250000e-01   6.250000e-01    1
    52   3.750000e-01   3.750000e-01   6.250000e-01    1
    53   6.250000e-01   6.250000e-01   6.250000e-01    1
    54   8.750000e-01   8.750000e-01   6.250000e-01    1
    55   3.750000e-01   1.250000e-01   8.750000e-01    1
    56   6.250000e-01   3.750000e-01   8.750000e-01    1
    57   8.750000e-01   6.250000e-01   8.750000e-01    1
    58   1.250000e-01   8.750000e-01   3.750000e-01    1
    59   1.250000e-01   6.250000e-01   6.250000e-01    1
    60   3.750000e-01   8.750000e-01   6.250000e-01    1
    61   1.250000e-01   3.750000e-01   8.750000e-01    1
    62   3.750000e-01   6.250000e-01   8.750000e-01    1
    63   6.250000e-01   8.750000e-01   8.750000e-01    1
    64   1.250000e-01   8.750000e-01   8.750000e-01    1


  Time Elapsed: 0.011979 sec.

 -------------------------------------------------------------------

 SYMMETRY
 ========

  Space group: Fd-3m (227)
  Number of symmetry operations = 1536

  Given system is not a primitive cell.
  There are    32 translation operations.
  Primitive cell contains 2 atoms

  **Cell-Atom Correspondens Below**
  CELL |  ATOM
     1 |     1   33
     2 |    11   43
     3 |     9   41
     4 |    24   56
     5 |     6   38
     6 |    21   53
     7 |    18   50
     8 |    31   63
     9 |     3   35
    10 |    13   45
    11 |     2   34
    12 |    12   44
    13 |    10   42
    14 |    25   57
    15 |     7   39
    16 |    22   54
    17 |     4   36
    18 |    19   51
    19 |    16   48
    20 |    29   61
    21 |    14   46
    22 |    27   59
    23 |    26   58
    24 |    32   64
    25 |     8   40
    26 |    23   55
    27 |     5   37
    28 |    20   52
    29 |    17   49
    30 |    30   62
    31 |    15   47
    32 |    28   60

  Time Elapsed: 0.058569 sec.

 -------------------------------------------------------------------

 INTERACTION
 ===========

  +++ Cutoff Radii Matrix (NKD x NKD matrix) +++
   HARMONIC
     None

    ANHARM3
      7.6


  List of neighboring atoms below.
  Format [N th-nearest shell, distance (Number of atoms on the shell)]

    1 ( Si):   1   4.42114 (  4) -  33( Si)  47( Si)  55( Si)  63( Si)
               2   7.21969 ( 12) -   2( Si)   3( Si)   5( Si)   7( Si)
                                     8( Si)   9( Si)  13( Si)  15( Si)
                                    18( Si)  23( Si)  24( Si)  31( Si)
               3   8.46584 ( 12) -  36( Si)  37( Si)  38( Si)  39( Si)
                                    40( Si)  43( Si)  45( Si)  50( Si)
                                    56( Si)  60( Si)  62( Si)  64( Si)
               4   10.2102 (  3) -   4( Si)   6( Si)  11( Si)
               5   11.1263 ( 12) -  34( Si)  35( Si)  41( Si)  46( Si)
                                    49( Si)  51( Si)  52( Si)  53( Si)
                                    54( Si)  57( Si)  58( Si)  61( Si)
               6   12.5049 ( 12) -  10( Si)  12( Si)  16( Si)  17( Si)
                                    20( Si)  22( Si)  25( Si)  26( Si)
                                    28( Si)  29( Si)  30( Si)  32( Si)
               7   13.2634 (  4) -  42( Si)  44( Si)  48( Si)  59( Si)
               8   14.4394 (  3) -  14( Si)  19( Si)  21( Si)
               9   17.6846 (  1) -  27( Si)

   33 ( Si):   1   4.42114 (  4) -   1( Si)   2( Si)   3( Si)   9( Si)
               2   7.21969 ( 12) -  34( Si)  35( Si)  37( Si)  39( Si)
                                    40( Si)  41( Si)  45( Si)  47( Si)
                                    50( Si)  55( Si)  56( Si)  63( Si)
               3   8.46584 ( 12) -   4( Si)   5( Si)   6( Si)   7( Si)
                                     8( Si)  10( Si)  11( Si)  12( Si)
                                    13( Si)  16( Si)  18( Si)  24( Si)
               4   10.2102 (  3) -  36( Si)  38( Si)  43( Si)
               5   11.1263 ( 12) -  14( Si)  15( Si)  17( Si)  19( Si)
                                    20( Si)  21( Si)  22( Si)  23( Si)
                                    25( Si)  26( Si)  29( Si)  31( Si)
               6   12.5049 ( 12) -  42( Si)  44( Si)  48( Si)  49( Si)
                                    52( Si)  54( Si)  57( Si)  58( Si)
                                    60( Si)  61( Si)  62( Si)  64( Si)
               7   13.2634 (  4) -  27( Si)  28( Si)  30( Si)  32( Si)
               8   14.4394 (  3) -  46( Si)  51( Si)  53( Si)
               9   17.6846 (  1) -  59( Si)

  Time Elapsed: 0.062414 sec.

 -------------------------------------------------------------------

 FORCE CONSTANT
 ==============

  Symmetry is handled in crystallographic (fractional) coordinates.

  Number of  HARMONIC FCs : 26
  Number of   ANHARM3 FCs : 36

  Time Elapsed: 0.068433 sec.

 -------------------------------------------------------------------

 CONSTRAINT
 ==========

  ICONST = 1: Constraints for translational invariance
              will be considered.

  FC2XML is given : Harmonic force constants will be 
                    fixed to the values given in si222.xml

  Generating constraints for translational invariance ...
   HARMONIC ... done.
    ANHARM3 ... done.
  Finished !

  Number of constraints [T-inv, R-inv (self), R-inv (cross)]:
   HARMONIC      1    0    0
    ANHARM3      9    0    0

  Constraints of T-inv and R-inv (self) are merged.
  If there are redundant constraints, they are removed in this process.

  Number of inequivalent constraints (self, cross) : 
   HARMONIC      1    0
    ANHARM3      9    0

  ICONST >= 10 : Constraints will be considered algebraically.

  Number of free HARMONIC FCs : 0
  Number of free  ANHARM3 FCs : 27

  Time Elapsed: 0.078232 sec.

 -------------------------------------------------------------------

 OPTIMIZATION
 ============

  LMODEL = least-squares

  Training data file (DFSET) : DFSET_cubic

  NSTART = 1; NEND = 16
  16 entries will be used for training.

  Total Number of Parameters : 62
  Total Number of Free Parameters : 27

  Entering fitting routine: SVD with constraints considered algebraically.
  SVD has started ... finished !

  RANK of the matrix = 27

  Residual sum of squares for the solution: 0.000170621
  Fitting error (%) : 0.12064

  Time Elapsed: 0.143025 sec.

 -------------------------------------------------------------------

 The following files are created:

 Force constants in a human-readable format : si222_cubic.fcs
 Input data for the phonon code ANPHON      : si222_cubic.xml

 Job finished at Thu Jun 23 18:12:14 2022

