 +-----------------------------------------------------------------+
 +                         Program ALM                             +
 +                             Ver.  1.4.0                         +
 +-----------------------------------------------------------------+

 Number of OpenMP threads = 8

 Job started at Thu Jun 23 21:31:53 2022


 Input variables:
 -------------------------------------------------------------------
 General:
  PREFIX = super551
  MODE = suggest
  NAT = 50; NKD = 1
  PRINTSYM = 0; TOLERANCE = 0.001
  KD =    C
  FCSYM_BASIS = Lattice
  PERIODIC =   1  1  1
  MAGMOM = 
  FCS_ALAMODE = 1;  NMAXSAVE = 5
  FC3_SHENGBTE = 0
  FC2_QEFC = 0
  HESSIAN = 0
  FC_ZERO_THR = 0

 Interaction:
  NORDER = 3
  NBODY =   2  3  3

  DBASIS = CART

 -------------------------------------------------------------------

 SYSTEM
 ======

  Lattice Vector
    2.311607e+01   0.000000e+00   0.000000e+00 : a1
   -1.155804e+01   2.001911e+01   0.000000e+00 : a2
    0.000000e+00   0.000000e+00   2.834589e+01 : a3

  Cell volume = 1.311744e+04

  Reciprocal Lattice Vector
    2.718102e-01   1.569297e-01  -0.000000e+00 : b1
    0.000000e+00   3.138594e-01   0.000000e+00 : b2
    0.000000e+00  -0.000000e+00   2.216612e-01 : b3

  Atomic species:
     1    C

  Atomic positions in fractional basis and atomic species
     1   1.333333e-01   6.666667e-02   0.000000e+00    1
     2   1.333333e-01   2.666667e-01   0.000000e+00    1
     3   1.333333e-01   4.666667e-01   0.000000e+00    1
     4   1.333333e-01   6.666667e-01   0.000000e+00    1
     5   1.333333e-01   8.666667e-01   0.000000e+00    1
     6   3.333333e-01   6.666667e-02   0.000000e+00    1
     7   3.333333e-01   2.666667e-01   0.000000e+00    1
     8   3.333333e-01   4.666667e-01   0.000000e+00    1
     9   3.333333e-01   6.666667e-01   0.000000e+00    1
    10   3.333333e-01   8.666667e-01   0.000000e+00    1
    11   5.333333e-01   6.666667e-02   0.000000e+00    1
    12   5.333333e-01   2.666667e-01   0.000000e+00    1
    13   5.333333e-01   4.666667e-01   0.000000e+00    1
    14   5.333333e-01   6.666667e-01   0.000000e+00    1
    15   5.333333e-01   8.666667e-01   0.000000e+00    1
    16   7.333333e-01   6.666667e-02   0.000000e+00    1
    17   7.333333e-01   2.666667e-01   0.000000e+00    1
    18   7.333333e-01   4.666667e-01   0.000000e+00    1
    19   7.333333e-01   6.666667e-01   0.000000e+00    1
    20   7.333333e-01   8.666667e-01   0.000000e+00    1
    21   9.333333e-01   6.666667e-02   0.000000e+00    1
    22   9.333333e-01   2.666667e-01   0.000000e+00    1
    23   9.333333e-01   4.666667e-01   0.000000e+00    1
    24   9.333333e-01   6.666667e-01   0.000000e+00    1
    25   9.333333e-01   8.666667e-01   0.000000e+00    1
    26   6.666667e-02   1.333333e-01   0.000000e+00    1
    27   6.666667e-02   3.333333e-01   0.000000e+00    1
    28   6.666667e-02   5.333333e-01   0.000000e+00    1
    29   6.666667e-02   7.333333e-01   0.000000e+00    1
    30   6.666667e-02   9.333333e-01   0.000000e+00    1
    31   2.666667e-01   1.333333e-01   0.000000e+00    1
    32   2.666667e-01   3.333333e-01   0.000000e+00    1
    33   2.666667e-01   5.333333e-01   0.000000e+00    1
    34   2.666667e-01   7.333333e-01   0.000000e+00    1
    35   2.666667e-01   9.333333e-01   0.000000e+00    1
    36   4.666667e-01   1.333333e-01   0.000000e+00    1
    37   4.666667e-01   3.333333e-01   0.000000e+00    1
    38   4.666667e-01   5.333333e-01   0.000000e+00    1
    39   4.666667e-01   7.333333e-01   0.000000e+00    1
    40   4.666667e-01   9.333333e-01   0.000000e+00    1
    41   6.666667e-01   1.333333e-01   0.000000e+00    1
    42   6.666667e-01   3.333333e-01   0.000000e+00    1
    43   6.666667e-01   5.333333e-01   0.000000e+00    1
    44   6.666667e-01   7.333333e-01   0.000000e+00    1
    45   6.666667e-01   9.333333e-01   0.000000e+00    1
    46   8.666667e-01   1.333333e-01   0.000000e+00    1
    47   8.666667e-01   3.333333e-01   0.000000e+00    1
    48   8.666667e-01   5.333333e-01   0.000000e+00    1
    49   8.666667e-01   7.333333e-01   0.000000e+00    1
    50   8.666667e-01   9.333333e-01   0.000000e+00    1


  Time Elapsed: 0.005947 sec.

 -------------------------------------------------------------------

 SYMMETRY
 ========

  Space group: P6/mmm (191)
  Number of symmetry operations = 600

  Given system is not a primitive cell.
  There are    25 translation operations.
  Primitive cell contains 2 atoms

  **Cell-Atom Correspondens Below**
  CELL |  ATOM
     1 |     1   26
     2 |     2   27
     3 |     3   28
     4 |     4   29
     5 |     5   30
     6 |     6   31
     7 |     7   32
     8 |     8   33
     9 |     9   34
    10 |    10   35
    11 |    11   36
    12 |    12   37
    13 |    13   38
    14 |    14   39
    15 |    15   40
    16 |    16   41
    17 |    17   42
    18 |    18   43
    19 |    19   44
    20 |    20   45
    21 |    21   46
    22 |    22   47
    23 |    23   48
    24 |    24   49
    25 |    25   50

  Time Elapsed: 0.019563 sec.

 -------------------------------------------------------------------

 INTERACTION
 ===========

  +++ Cutoff Radii Matrix (NKD x NKD matrix) +++
   HARMONIC
     None

    ANHARM3
      8.1

    ANHARM4
      8.1


  List of neighboring atoms below.
  Format [N th-nearest shell, distance (Number of atoms on the shell)]

    1 (  C):   1   2.66921 (  3) -  26(  C)  30(  C)  31(  C)
               2   4.62321 (  6) -   2(  C)   5(  C)   6(  C)   7(  C)
                                    21(  C)  25(  C)
               3   5.33843 (  3) -  32(  C)  35(  C)  50(  C)
               4   7.06208 (  6) -  27(  C)  29(  C)  36(  C)  37(  C)
                                    46(  C)  49(  C)
               5   8.00764 (  6) -   8(  C)  10(  C)  12(  C)  20(  C)
                                    22(  C)  24(  C)
               6   9.24643 (  6) -   3(  C)   4(  C)  11(  C)  13(  C)
                                    16(  C)  19(  C)
               7   9.62399 (  6) -  33(  C)  34(  C)  38(  C)  40(  C)
                                    44(  C)  45(  C)
               8   10.6769 (  3) -  42(  C)  47(  C)  48(  C)
               9   11.6348 (  3) -  28(  C)  41(  C)  43(  C)
              10   12.2319 (  6) -   9(  C)  14(  C)  15(  C)  17(  C)
                                    18(  C)  23(  C)
              11   13.3461 (  1) -  39(  C)

   26 (  C):   1   2.66921 (  3) -   1(  C)   2(  C)  21(  C)
               2   4.62321 (  6) -  27(  C)  30(  C)  31(  C)  32(  C)
                                    46(  C)  50(  C)
               3   5.33843 (  3) -   7(  C)  22(  C)  25(  C)
               4   7.06208 (  6) -   3(  C)   5(  C)   6(  C)   8(  C)
                                    16(  C)  20(  C)
               5   8.00764 (  6) -  33(  C)  35(  C)  37(  C)  45(  C)
                                    47(  C)  49(  C)
               6   9.24643 (  6) -  28(  C)  29(  C)  36(  C)  38(  C)
                                    41(  C)  44(  C)
               7   9.62399 (  6) -  12(  C)  13(  C)  17(  C)  19(  C)
                                    23(  C)  24(  C)
               8   10.6769 (  3) -   9(  C)  10(  C)  15(  C)
               9   11.6348 (  3) -   4(  C)  11(  C)  14(  C)
              10   12.2319 (  6) -  34(  C)  39(  C)  40(  C)  42(  C)
                                    43(  C)  48(  C)
              11   13.3461 (  1) -  18(  C)

  For  ANHARM4, interactions related to more than 3 atoms will be neglected.
  Time Elapsed: 0.027587 sec.

 -------------------------------------------------------------------

 FORCE CONSTANT
 ==============

  Symmetry is handled in crystallographic (fractional) coordinates.

  Number of  HARMONIC FCs : 92
  Number of   ANHARM3 FCs : 466
  Number of   ANHARM4 FCs : 2423

  Time Elapsed: 0.157439 sec.

 -------------------------------------------------------------------

 DISPLACEMENT PATTERN
 ====================

  Number of free HARMONIC FCs : 38
  Number of free  ANHARM3 FCs : 158
  Number of free  ANHARM4 FCs : 828

  Generating displacement patterns in Cartesian coordinate...  done!

  Number of disp. patterns for  HARMONIC : 4
  Number of disp. patterns for   ANHARM3 : 119
  Number of disp. patterns for   ANHARM4 : 1132

 Suggested displacement patterns are printed in the following files: 
  HARMONIC : super551.pattern_HARMONIC
  ANHARM3 : super551.pattern_ANHARM3
  ANHARM4 : super551.pattern_ANHARM4


 Job finished at Thu Jun 23 21:32:00 2022

