 +-----------------------------------------------------------------+
 +                         Program ALM                             +
 +                             Ver.  1.4.0                         +
 +-----------------------------------------------------------------+

 Number of OpenMP threads = 8

 Job started at Thu Jun 23 23:17:51 2022


 Input variables:
 -------------------------------------------------------------------
 General:
  PREFIX = graphene_anharm_ada
  MODE = optimize
  NAT = 50; NKD = 1
  PRINTSYM = 0; TOLERANCE = 0.001
  KD =    C
  FCSYM_BASIS = Lattice
  PERIODIC =   1  1  1
  MAGMOM = 
  FCS_ALAMODE = 1;  NMAXSAVE = 5
  FC3_SHENGBTE = 0
  FC2_QEFC = 0
  HESSIAN = 0
  FC_ZERO_THR = 0

 Interaction:
  NORDER = 3
  NBODY =   2  3  3

 Optimize:
  LMODEL = adaptive-lasso
  DFSET = DFSET_random
  NDATA = 20; NSTART = 1; NEND = 20   SKIP = 

  ICONST = 11
  ROTAXIS = 
  FC2XML = 
  FC3XML = 

  SPARSE = 0
  SPARSESOLVER = SimplicialLDLT
  CONV_TOL = 1e-08
  MAXITER = 10000
  MIRROR_IMAGE_CONV = 0

 -------------------------------------------------------------------

 SYSTEM
 ======

  Lattice Vector
    2.311607e+01   0.000000e+00   0.000000e+00 : a1
   -1.155804e+01   2.001911e+01   0.000000e+00 : a2
    0.000000e+00   0.000000e+00   2.834589e+01 : a3

  Cell volume = 1.311744e+04

  Reciprocal Lattice Vector
    2.718102e-01   1.569297e-01  -0.000000e+00 : b1
    0.000000e+00   3.138594e-01   0.000000e+00 : b2
    0.000000e+00  -0.000000e+00   2.216612e-01 : b3

  Atomic species:
     1    C

  Atomic positions in fractional basis and atomic species
     1   1.333333e-01   6.666667e-02   0.000000e+00    1
     2   1.333333e-01   2.666667e-01   0.000000e+00    1
     3   1.333333e-01   4.666667e-01   0.000000e+00    1
     4   1.333333e-01   6.666667e-01   0.000000e+00    1
     5   1.333333e-01   8.666667e-01   0.000000e+00    1
     6   3.333333e-01   6.666667e-02   0.000000e+00    1
     7   3.333333e-01   2.666667e-01   0.000000e+00    1
     8   3.333333e-01   4.666667e-01   0.000000e+00    1
     9   3.333333e-01   6.666667e-01   0.000000e+00    1
    10   3.333333e-01   8.666667e-01   0.000000e+00    1
    11   5.333333e-01   6.666667e-02   0.000000e+00    1
    12   5.333333e-01   2.666667e-01   0.000000e+00    1
    13   5.333333e-01   4.666667e-01   0.000000e+00    1
    14   5.333333e-01   6.666667e-01   0.000000e+00    1
    15   5.333333e-01   8.666667e-01   0.000000e+00    1
    16   7.333333e-01   6.666667e-02   0.000000e+00    1
    17   7.333333e-01   2.666667e-01   0.000000e+00    1
    18   7.333333e-01   4.666667e-01   0.000000e+00    1
    19   7.333333e-01   6.666667e-01   0.000000e+00    1
    20   7.333333e-01   8.666667e-01   0.000000e+00    1
    21   9.333333e-01   6.666667e-02   0.000000e+00    1
    22   9.333333e-01   2.666667e-01   0.000000e+00    1
    23   9.333333e-01   4.666667e-01   0.000000e+00    1
    24   9.333333e-01   6.666667e-01   0.000000e+00    1
    25   9.333333e-01   8.666667e-01   0.000000e+00    1
    26   6.666667e-02   1.333333e-01   0.000000e+00    1
    27   6.666667e-02   3.333333e-01   0.000000e+00    1
    28   6.666667e-02   5.333333e-01   0.000000e+00    1
    29   6.666667e-02   7.333333e-01   0.000000e+00    1
    30   6.666667e-02   9.333333e-01   0.000000e+00    1
    31   2.666667e-01   1.333333e-01   0.000000e+00    1
    32   2.666667e-01   3.333333e-01   0.000000e+00    1
    33   2.666667e-01   5.333333e-01   0.000000e+00    1
    34   2.666667e-01   7.333333e-01   0.000000e+00    1
    35   2.666667e-01   9.333333e-01   0.000000e+00    1
    36   4.666667e-01   1.333333e-01   0.000000e+00    1
    37   4.666667e-01   3.333333e-01   0.000000e+00    1
    38   4.666667e-01   5.333333e-01   0.000000e+00    1
    39   4.666667e-01   7.333333e-01   0.000000e+00    1
    40   4.666667e-01   9.333333e-01   0.000000e+00    1
    41   6.666667e-01   1.333333e-01   0.000000e+00    1
    42   6.666667e-01   3.333333e-01   0.000000e+00    1
    43   6.666667e-01   5.333333e-01   0.000000e+00    1
    44   6.666667e-01   7.333333e-01   0.000000e+00    1
    45   6.666667e-01   9.333333e-01   0.000000e+00    1
    46   8.666667e-01   1.333333e-01   0.000000e+00    1
    47   8.666667e-01   3.333333e-01   0.000000e+00    1
    48   8.666667e-01   5.333333e-01   0.000000e+00    1
    49   8.666667e-01   7.333333e-01   0.000000e+00    1
    50   8.666667e-01   9.333333e-01   0.000000e+00    1


  Time Elapsed: 0.007144 sec.

 -------------------------------------------------------------------

 SYMMETRY
 ========

  Space group: P6/mmm (191)
  Number of symmetry operations = 600

  Given system is not a primitive cell.
  There are    25 translation operations.
  Primitive cell contains 2 atoms

  **Cell-Atom Correspondens Below**
  CELL |  ATOM
     1 |     1   26
     2 |     2   27
     3 |     3   28
     4 |     4   29
     5 |     5   30
     6 |     6   31
     7 |     7   32
     8 |     8   33
     9 |     9   34
    10 |    10   35
    11 |    11   36
    12 |    12   37
    13 |    13   38
    14 |    14   39
    15 |    15   40
    16 |    16   41
    17 |    17   42
    18 |    18   43
    19 |    19   44
    20 |    20   45
    21 |    21   46
    22 |    22   47
    23 |    23   48
    24 |    24   49
    25 |    25   50

  Time Elapsed: 0.021032 sec.

 -------------------------------------------------------------------

 INTERACTION
 ===========

  +++ Cutoff Radii Matrix (NKD x NKD matrix) +++
   HARMONIC
     None

    ANHARM3
      8.1

    ANHARM4
      8.1


  List of neighboring atoms below.
  Format [N th-nearest shell, distance (Number of atoms on the shell)]

    1 (  C):   1   2.66921 (  3) -  26(  C)  30(  C)  31(  C)
               2   4.62321 (  6) -   2(  C)   5(  C)   6(  C)   7(  C)
                                    21(  C)  25(  C)
               3   5.33843 (  3) -  32(  C)  35(  C)  50(  C)
               4   7.06208 (  6) -  27(  C)  29(  C)  36(  C)  37(  C)
                                    46(  C)  49(  C)
               5   8.00764 (  6) -   8(  C)  10(  C)  12(  C)  20(  C)
                                    22(  C)  24(  C)
               6   9.24643 (  6) -   3(  C)   4(  C)  11(  C)  13(  C)
                                    16(  C)  19(  C)
               7   9.62399 (  6) -  33(  C)  34(  C)  38(  C)  40(  C)
                                    44(  C)  45(  C)
               8   10.6769 (  3) -  42(  C)  47(  C)  48(  C)
               9   11.6348 (  3) -  28(  C)  41(  C)  43(  C)
              10   12.2319 (  6) -   9(  C)  14(  C)  15(  C)  17(  C)
                                    18(  C)  23(  C)
              11   13.3461 (  1) -  39(  C)

   26 (  C):   1   2.66921 (  3) -   1(  C)   2(  C)  21(  C)
               2   4.62321 (  6) -  27(  C)  30(  C)  31(  C)  32(  C)
                                    46(  C)  50(  C)
               3   5.33843 (  3) -   7(  C)  22(  C)  25(  C)
               4   7.06208 (  6) -   3(  C)   5(  C)   6(  C)   8(  C)
                                    16(  C)  20(  C)
               5   8.00764 (  6) -  33(  C)  35(  C)  37(  C)  45(  C)
                                    47(  C)  49(  C)
               6   9.24643 (  6) -  28(  C)  29(  C)  36(  C)  38(  C)
                                    41(  C)  44(  C)
               7   9.62399 (  6) -  12(  C)  13(  C)  17(  C)  19(  C)
                                    23(  C)  24(  C)
               8   10.6769 (  3) -   9(  C)  10(  C)  15(  C)
               9   11.6348 (  3) -   4(  C)  11(  C)  14(  C)
              10   12.2319 (  6) -  34(  C)  39(  C)  40(  C)  42(  C)
                                    43(  C)  48(  C)
              11   13.3461 (  1) -  18(  C)

  For  ANHARM4, interactions related to more than 3 atoms will be neglected.
  Time Elapsed: 0.029188 sec.

 -------------------------------------------------------------------

 FORCE CONSTANT
 ==============

  Symmetry is handled in crystallographic (fractional) coordinates.

  Number of  HARMONIC FCs : 92
  Number of   ANHARM3 FCs : 466
  Number of   ANHARM4 FCs : 2423

  Time Elapsed: 0.143594 sec.

 -------------------------------------------------------------------

 CONSTRAINT
 ==========

  ICONST = 1: Constraints for translational invariance
              will be considered.

  Generating constraints from crystal symmetry
  in crystallographic (fractional) coordinates ...
   HARMONIC done.
    ANHARM3 done.
    ANHARM4 done.
  Finished !

  Generating constraints for translational invariance ...
   HARMONIC ... done.
    ANHARM3 ... done.
    ANHARM4 ... done.
  Finished !

  Number of constraints [T-inv, R-inv (self), R-inv (cross)]:
   HARMONIC      3    0    0
    ANHARM3     69    0    0
    ANHARM4   1274    0    0

  There are constraints from crystal symmetry.
  The number of such constraints for each order:
   HARMONIC     54
    ANHARM3    308
    ANHARM4   1595

  Constraints of T-inv, R-inv (self), and those from crystal symmetry are merged.
  If there are redundant constraints, they are removed in this process.

  Number of inequivalent constraints (self, cross) : 
   HARMONIC     56    0
    ANHARM3    331    0
    ANHARM4   2029    0

  ICONST >= 10 : Constraints will be considered algebraically.

  Number of free HARMONIC FCs : 36
  Number of free  ANHARM3 FCs : 135
  Number of free  ANHARM4 FCs : 394

  Time Elapsed: 8.2143 sec.

 -------------------------------------------------------------------

 OPTIMIZATION
 ============

  LMODEL = adaptive-lasso

  Training data file (DFSET) : DFSET_random

  NSTART = 1; NEND = 20
  20 entries will be used for training.

  Total Number of Parameters : 2981
  Total Number of Free Parameters : 565


 WARNING in optimize_main  MESSAGE: STANDARDIZE = 1 in adaptive LASSO is meaningless.
 Switch to STANDARDIZE = 0.
 Adaptive LASSO  cross-validation with the following parameters:
   L1_RATIO = 1
   CV =               4
   CV_MINALPHA =           1e-10 CV_MAXALPHA = (Use recommended value)
   CV_NALPHA =    50
   CONV_TOL =           1e-08
   MAXITER = 10000
   STOP_CRITERION =     5
   ENET_DNORM =               1

  CV > 0: Automatic CV mode.

  Start 4-fold CV with 20 Datasets

  Recommended CV_MAXALPHA (  1) = 0.00384663
  Recommended CV_MAXALPHA (  2) = 0.0037276
  Recommended CV_MAXALPHA (  3) = 0.00375814
  Recommended CV_MAXALPHA (  4) = 0.00387782

  SET :   1
  Recommended CV_MAXALPHA = 0.00384663

  .........................
  .........................

  SET   1 has been finished.
  Minimum validation error at alpha = 2.01161e-10
  The CV result is saved in graphene_anharm_ada.cvset1

  ---------------------------------------------------

  SET :   2
  Recommended CV_MAXALPHA = 0.0037276

  .........................
  .........................

  SET   2 has been finished.
  Minimum validation error at alpha = 2.01161e-10
  The CV result is saved in graphene_anharm_ada.cvset2

  ---------------------------------------------------

  SET :   3
  Recommended CV_MAXALPHA = 0.00375814

  .........................
  .........................

  SET   3 has been finished.
  Minimum validation error at alpha = 2.85309e-10
  The CV result is saved in graphene_anharm_ada.cvset3

  ---------------------------------------------------

  SET :   4
  Recommended CV_MAXALPHA = 0.00387782

  .........................
  .........................

  SET   4 has been finished.
  Minimum validation error at alpha = 2.85309e-10
  The CV result is saved in graphene_anharm_ada.cvset4

  ---------------------------------------------------
 Average and standard deviation of the CV error are
 saved in graphene_anharm_ada.cvscore
 Minimum CVSCORE at alpha = 2.01161e-10


  Time Elapsed: 38.8647 sec.

 -------------------------------------------------------------------


 Job finished at Thu Jun 23 23:18:29 2022

